0 info it worked if it ends with ok
1 verbose cli [ 'C:\\Program Files\\nodejs\\node.exe',
1 verbose cli   'C:\\Program Files\\nodejs\\node_modules\\npm\\bin\\npm-cli.js',
1 verbose cli   'install',
1 verbose cli   'mvn' ]
2 info using npm@2.15.0
3 info using node@v4.4.2
4 verbose config Skipping project config: C:\Users\SAM3505/.npmrc. (matches userconfig)
5 verbose install initial load of C:\Users\SAM3505\package.json
6 verbose installManyTop reading scoped package data from C:\Users\SAM3505\node_modules\jasmine\package.json
7 verbose installManyTop reading scoped package data from C:\Users\SAM3505\node_modules\jasmine-core\package.json
8 verbose installManyTop reading scoped package data from C:\Users\SAM3505\node_modules\karma\package.json
9 verbose installManyTop reading scoped package data from C:\Users\SAM3505\node_modules\karma-chrome-launcher\package.json
10 verbose installManyTop reading scoped package data from C:\Users\SAM3505\node_modules\karma-jasmine\package.json
11 verbose readDependencies loading dependencies from C:\Users\SAM3505\package.json
12 silly cache add args [ 'mvn', null ]
13 verbose cache add spec mvn
14 silly cache add parsed spec Result {
14 silly cache add   raw: 'mvn',
14 silly cache add   scope: null,
14 silly cache add   name: 'mvn',
14 silly cache add   rawSpec: '',
14 silly cache add   spec: 'latest',
14 silly cache add   type: 'tag' }
15 silly addNamed mvn@latest
16 verbose addNamed "latest" is being treated as a dist-tag for mvn
17 info addNameTag [ 'mvn', 'latest' ]
18 silly mapToRegistry name mvn
19 silly mapToRegistry using default registry
20 silly mapToRegistry registry https://registry.npmjs.org/
21 silly mapToRegistry data Result {
21 silly mapToRegistry   raw: 'mvn',
21 silly mapToRegistry   scope: null,
21 silly mapToRegistry   name: 'mvn',
21 silly mapToRegistry   rawSpec: '',
21 silly mapToRegistry   spec: 'latest',
21 silly mapToRegistry   type: 'tag' }
22 silly mapToRegistry uri https://registry.npmjs.org/mvn
23 verbose addNameTag registry:https://registry.npmjs.org/mvn not in flight; fetching
24 verbose request uri https://registry.npmjs.org/mvn
25 verbose request no auth needed
26 info attempt registry request try #1 at 10:29:54
27 verbose request id 40d50f9fc98c2280
28 http request GET https://registry.npmjs.org/mvn
29 http 404 https://registry.npmjs.org/mvn
30 verbose headers { 'content-type': 'application/json',
30 verbose headers   'cache-control': 'max-age=0',
30 verbose headers   'content-length': '2',
30 verbose headers   'accept-ranges': 'bytes',
30 verbose headers   date: 'Wed, 17 Aug 2016 08:29:54 GMT',
30 verbose headers   via: '1.1 varnish',
30 verbose headers   age: '0',
30 verbose headers   connection: 'keep-alive',
30 verbose headers   'x-served-by': 'cache-lhr6322-LHR',
30 verbose headers   'x-cache': 'MISS',
30 verbose headers   'x-cache-hits': '0',
30 verbose headers   'x-timer': 'S1471422594.548299,VS0,VE93',
30 verbose headers   vary: 'Accept-Encoding' }
31 silly get cb [ 404,
31 silly get   { 'content-type': 'application/json',
31 silly get     'cache-control': 'max-age=0',
31 silly get     'content-length': '2',
31 silly get     'accept-ranges': 'bytes',
31 silly get     date: 'Wed, 17 Aug 2016 08:29:54 GMT',
31 silly get     via: '1.1 varnish',
31 silly get     age: '0',
31 silly get     connection: 'keep-alive',
31 silly get     'x-served-by': 'cache-lhr6322-LHR',
31 silly get     'x-cache': 'MISS',
31 silly get     'x-cache-hits': '0',
31 silly get     'x-timer': 'S1471422594.548299,VS0,VE93',
31 silly get     vary: 'Accept-Encoding' } ]
32 verbose stack Error: Registry returned 404 for GET on https://registry.npmjs.org/mvn
32 verbose stack     at makeError (C:\Program Files\nodejs\node_modules\npm\node_modules\npm-registry-client\lib\request.js:264:12)
32 verbose stack     at CachingRegistryClient.<anonymous> (C:\Program Files\nodejs\node_modules\npm\node_modules\npm-registry-client\lib\request.js:242:14)
32 verbose stack     at Request._callback (C:\Program Files\nodejs\node_modules\npm\node_modules\npm-registry-client\lib\request.js:172:14)
32 verbose stack     at Request.self.callback (C:\Program Files\nodejs\node_modules\npm\node_modules\request\request.js:199:22)
32 verbose stack     at emitTwo (events.js:87:13)
32 verbose stack     at Request.emit (events.js:172:7)
32 verbose stack     at Request.<anonymous> (C:\Program Files\nodejs\node_modules\npm\node_modules\request\request.js:1036:10)
32 verbose stack     at emitOne (events.js:82:20)
32 verbose stack     at Request.emit (events.js:169:7)
32 verbose stack     at IncomingMessage.<anonymous> (C:\Program Files\nodejs\node_modules\npm\node_modules\request\request.js:963:12)
33 verbose statusCode 404
34 verbose pkgid mvn
35 verbose cwd C:\Users\SAM3505\Desktop\java8 code kata\java8-code-kata
36 error Windows_NT 10.0.10586
37 error argv "C:\\Program Files\\nodejs\\node.exe" "C:\\Program Files\\nodejs\\node_modules\\npm\\bin\\npm-cli.js" "install" "mvn"
38 error node v4.4.2
39 error npm  v2.15.0
40 error code E404
41 error 404 Registry returned 404 for GET on https://registry.npmjs.org/mvn
41 error 404
41 error 404 'mvn' is not in the npm registry.
41 error 404 You should bug the author to publish it (or use the name yourself!)
41 error 404
41 error 404 Note that you can also install from a
41 error 404 tarball, folder, http url, or git url.
42 verbose exit [ 1, true ]
